2019-09-04 01:46:11,412 INFO org.springframework.boot.StartupInfoLogger [restartedMain] Starting LambdaApplication on WKWIN1289005 with PID 104 (C:\Users\brakisho\Documents\java_workspace\lambda\target\classes started by brakisho in C:\Users\brakisho\Documents\java_workspace\lambda)
2019-09-04 01:46:11,412 DEBUG org.springframework.boot.StartupInfoLogger [restartedMain] Running with Spring Boot v2.1.3.RELEASE, Spring v5.1.5.RELEASE
2019-09-04 01:46:11,412 INFO org.springframework.boot.SpringApplication [restartedMain] The following profiles are active: prod
2019-09-04 01:46:16,666 WARN org.hibernate.id.UUIDHexGenerator [restartedMain] HHH000409: Using org.hibernate.id.UUIDHexGenerator which does not generate IETF RFC 4122 compliant UUID values; consider using org.hibernate.id.UUIDGenerator instead
2019-09-04 01:46:20,038 INFO com.yroots.lambda.configs.StaticContextInializer [restartedMain] Initializing StaticContextInializer
2019-09-04 01:46:20,039 INFO com.yroots.lambda.configs.StaticContextInializer [restartedMain] Initialized StaticContextInializer
2019-09-04 01:46:20,040 INFO com.yroots.lambda.services.RequestHandlerImpl [restartedMain] Initializing RequestHandlerImpl
2019-09-04 01:46:20,040 INFO com.yroots.lambda.services.RequestHandlerImpl [restartedMain] Initialized RequestHandlerImpl
2019-09-04 01:46:21,576 WARN org.springframework.boot.autoconfigure.orm.jpa.JpaBaseConfiguration$JpaWebConfiguration$JpaWebMvcConfiguration [restartedMain] spring.jpa.open-in-view is enabled by default. Therefore, database queries may be performed during view rendering. Explicitly configure spring.jpa.open-in-view to disable this warning
2019-09-04 01:46:22,223 INFO org.springframework.boot.StartupInfoLogger [restartedMain] Started LambdaApplication in 11.216 seconds (JVM running for 12.012)
2019-09-04 01:46:35,300 DEBUG com.yroots.lambda.services.CoreProcessor [pool-1-thread-1] serviceAccount:test1:true
2019-09-04 01:46:35,504 DEBUG com.yroots.lambda.services.CoreProcessor [pool-1-thread-1] category:test-cat2:true
2019-09-04 01:46:35,577 DEBUG com.yroots.lambda.services.CoreProcessor [pool-1-thread-1] category:test-cat2:isEmailActive:false
2019-09-04 01:46:35,581 DEBUG com.yroots.lambda.services.CoreProcessor [pool-1-thread-1] category:test-cat2:isSMSActive:false
2019-09-04 01:53:03,538 INFO org.springframework.boot.StartupInfoLogger [restartedMain] Starting LambdaApplication on WKWIN1289005 with PID 104 (C:\Users\brakisho\Documents\java_workspace\lambda\target\classes started by brakisho in C:\Users\brakisho\Documents\java_workspace\lambda)
2019-09-04 01:53:03,538 DEBUG org.springframework.boot.StartupInfoLogger [restartedMain] Running with Spring Boot v2.1.3.RELEASE, Spring v5.1.5.RELEASE
2019-09-04 01:53:03,538 INFO org.springframework.boot.SpringApplication [restartedMain] The following profiles are active: prod
2019-09-04 01:53:07,940 INFO com.yroots.lambda.configs.StaticContextInializer [restartedMain] Initializing StaticContextInializer
2019-09-04 01:53:07,942 INFO com.yroots.lambda.configs.StaticContextInializer [restartedMain] Initialized StaticContextInializer
2019-09-04 01:53:07,951 INFO com.yroots.lambda.services.RequestHandlerImpl [restartedMain] Initializing RequestHandlerImpl
2019-09-04 01:53:07,955 INFO com.yroots.lambda.services.RequestHandlerImpl [restartedMain] Initialized RequestHandlerImpl
2019-09-04 01:53:08,348 WARN org.springframework.boot.autoconfigure.orm.jpa.JpaBaseConfiguration$JpaWebConfiguration$JpaWebMvcConfiguration [restartedMain] spring.jpa.open-in-view is enabled by default. Therefore, database queries may be performed during view rendering. Explicitly configure spring.jpa.open-in-view to disable this warning
2019-09-04 01:53:08,610 INFO org.springframework.boot.StartupInfoLogger [restartedMain] Started LambdaApplication in 5.111 seconds (JVM running for 418.391)
2019-09-04 01:55:18,298 INFO org.springframework.boot.StartupInfoLogger [restartedMain] Starting LambdaApplication on WKWIN1289005 with PID 104 (C:\Users\brakisho\Documents\java_workspace\lambda\target\classes started by brakisho in C:\Users\brakisho\Documents\java_workspace\lambda)
2019-09-04 01:55:18,298 DEBUG org.springframework.boot.StartupInfoLogger [restartedMain] Running with Spring Boot v2.1.3.RELEASE, Spring v5.1.5.RELEASE
2019-09-04 01:55:18,298 INFO org.springframework.boot.SpringApplication [restartedMain] The following profiles are active: prod
2019-09-04 01:55:23,586 INFO com.yroots.lambda.configs.StaticContextInializer [restartedMain] Initializing StaticContextInializer
2019-09-04 01:55:23,588 INFO com.yroots.lambda.configs.StaticContextInializer [restartedMain] Initialized StaticContextInializer
2019-09-04 01:55:23,607 INFO com.yroots.lambda.services.RequestHandlerImpl [restartedMain] Initializing RequestHandlerImpl
2019-09-04 01:55:23,609 INFO com.yroots.lambda.services.RequestHandlerImpl [restartedMain] Initialized RequestHandlerImpl
2019-09-04 01:55:24,166 WARN org.springframework.boot.autoconfigure.orm.jpa.JpaBaseConfiguration$JpaWebConfiguration$JpaWebMvcConfiguration [restartedMain] spring.jpa.open-in-view is enabled by default. Therefore, database queries may be performed during view rendering. Explicitly configure spring.jpa.open-in-view to disable this warning
2019-09-04 01:55:24,378 INFO org.springframework.boot.StartupInfoLogger [restartedMain] Started LambdaApplication in 6.114 seconds (JVM running for 554.161)
2019-09-04 01:55:44,552 INFO org.springframework.boot.StartupInfoLogger [restartedMain] Starting LambdaApplication on WKWIN1289005 with PID 104 (C:\Users\brakisho\Documents\java_workspace\lambda\target\classes started by brakisho in C:\Users\brakisho\Documents\java_workspace\lambda)
2019-09-04 01:55:44,552 DEBUG org.springframework.boot.StartupInfoLogger [restartedMain] Running with Spring Boot v2.1.3.RELEASE, Spring v5.1.5.RELEASE
2019-09-04 01:55:44,552 INFO org.springframework.boot.SpringApplication [restartedMain] The following profiles are active: prod
2019-09-04 01:55:49,195 INFO com.yroots.lambda.configs.StaticContextInializer [restartedMain] Initializing StaticContextInializer
2019-09-04 01:55:49,198 INFO com.yroots.lambda.configs.StaticContextInializer [restartedMain] Initialized StaticContextInializer
2019-09-04 01:55:49,207 INFO com.yroots.lambda.services.RequestHandlerImpl [restartedMain] Initializing RequestHandlerImpl
2019-09-04 01:55:49,211 INFO com.yroots.lambda.services.RequestHandlerImpl [restartedMain] Initialized RequestHandlerImpl
2019-09-04 01:55:49,663 WARN org.springframework.boot.autoconfigure.orm.jpa.JpaBaseConfiguration$JpaWebConfiguration$JpaWebMvcConfiguration [restartedMain] spring.jpa.open-in-view is enabled by default. Therefore, database queries may be performed during view rendering. Explicitly configure spring.jpa.open-in-view to disable this warning
2019-09-04 01:55:49,891 INFO org.springframework.boot.StartupInfoLogger [restartedMain] Started LambdaApplication in 5.368 seconds (JVM running for 579.671)
2019-09-04 02:02:43,570 DEBUG com.yroots.lambda.services.CoreProcessor [pool-4-thread-1] serviceAccount:test1:true
2019-09-04 02:02:43,746 DEBUG com.yroots.lambda.services.CoreProcessor [pool-4-thread-1] category:test-cat2:true
2019-09-04 02:02:43,806 DEBUG com.yroots.lambda.services.CoreProcessor [pool-4-thread-1] category:test-cat2:isEmailActive:true
2019-09-04 02:02:43,810 DEBUG com.yroots.lambda.services.CoreProcessor [pool-4-thread-1] category:test-cat2:isSMSActive:true
2019-09-04 04:38:55,452 INFO org.springframework.boot.StartupInfoLogger [restartedMain] Starting LambdaApplication on WKWIN1289005 with PID 6712 (C:\Users\brakisho\Documents\java_workspace\lambda\target\classes started by brakisho in C:\Users\brakisho\Documents\java_workspace\lambda)
2019-09-04 04:38:55,454 DEBUG org.springframework.boot.StartupInfoLogger [restartedMain] Running with Spring Boot v2.1.3.RELEASE, Spring v5.1.5.RELEASE
2019-09-04 04:38:55,455 INFO org.springframework.boot.SpringApplication [restartedMain] The following profiles are active: prod
2019-09-04 04:39:00,806 WARN org.hibernate.id.UUIDHexGenerator [restartedMain] HHH000409: Using org.hibernate.id.UUIDHexGenerator which does not generate IETF RFC 4122 compliant UUID values; consider using org.hibernate.id.UUIDGenerator instead
2019-09-04 04:39:05,412 WARN org.springframework.context.support.AbstractApplicationContext [restartedMain] Exception encountered during context initialization - cancelling refresh attempt: org.springframework.beans.factory.BeanCreationException: Error creating bean with name 'freemarkerConfig': Injection of autowired dependencies failed; nested exception is java.lang.IllegalArgumentException: Could not resolve placeholder 'template.path' in value "${template.path}"
2019-09-04 04:39:05,733 ERROR org.springframework.boot.SpringApplication [restartedMain] Application run failed
org.springframework.beans.factory.BeanCreationException: Error creating bean with name 'freemarkerConfig': Injection of autowired dependencies failed; nested exception is java.lang.IllegalArgumentException: Could not resolve placeholder 'template.path' in value "${template.path}"
	at org.springframework.beans.factory.annotation.AutowiredAnnotationBeanPostProcessor.postProcessProperties(AutowiredAnnotationBeanPostProcessor.java:380)
	at org.springframework.beans.factory.support.AbstractAutowireCapableBeanFactory.populateBean(AbstractAutowireCapableBeanFactory.java:1395)
	at org.springframework.beans.factory.support.AbstractAutowireCapableBeanFactory.doCreateBean(AbstractAutowireCapableBeanFactory.java:592)
	at org.springframework.beans.factory.support.AbstractAutowireCapableBeanFactory.createBean(AbstractAutowireCapableBeanFactory.java:515)
	at org.springframework.beans.factory.support.AbstractBeanFactory.lambda$doGetBean$0(AbstractBeanFactory.java:320)
	at org.springframework.beans.factory.support.DefaultSingletonBeanRegistry.getSingleton(DefaultSingletonBeanRegistry.java:222)
	at org.springframework.beans.factory.support.AbstractBeanFactory.doGetBean(AbstractBeanFactory.java:318)
	at org.springframework.beans.factory.support.AbstractBeanFactory.getBean(AbstractBeanFactory.java:199)
	at org.springframework.beans.factory.support.DefaultListableBeanFactory.preInstantiateSingletons(DefaultListableBeanFactory.java:849)
	at org.springframework.context.support.AbstractApplicationContext.finishBeanFactoryInitialization(AbstractApplicationContext.java:877)
	at org.springframework.context.support.AbstractApplicationContext.refresh(AbstractApplicationContext.java:549)
	at org.springframework.boot.web.servlet.context.ServletWebServerApplicationContext.refresh(ServletWebServerApplicationContext.java:142)
	at org.springframework.boot.SpringApplication.refresh(SpringApplication.java:775)
	at org.springframework.boot.SpringApplication.refreshContext(SpringApplication.java:397)
	at org.springframework.boot.SpringApplication.run(SpringApplication.java:316)
	at org.springframework.boot.SpringApplication.run(SpringApplication.java:1260)
	at org.springframework.boot.SpringApplication.run(SpringApplication.java:1248)
	at com.yroots.lambda.LambdaApplication.main(LambdaApplication.java:12)
	at sun.reflect.NativeMethodAccessorImpl.invoke0(Native Method)
	at sun.reflect.NativeMethodAccessorImpl.invoke(NativeMethodAccessorImpl.java:62)
	at sun.reflect.DelegatingMethodAccessorImpl.invoke(DelegatingMethodAccessorImpl.java:43)
	at java.lang.reflect.Method.invoke(Method.java:498)
	at org.springframework.boot.devtools.restart.RestartLauncher.run(RestartLauncher.java:49)
Caused by: java.lang.IllegalArgumentException: Could not resolve placeholder 'template.path' in value "${template.path}"
	at org.springframework.util.PropertyPlaceholderHelper.parseStringValue(PropertyPlaceholderHelper.java:172)
	at org.springframework.util.PropertyPlaceholderHelper.replacePlaceholders(PropertyPlaceholderHelper.java:124)
	at org.springframework.core.env.AbstractPropertyResolver.doResolvePlaceholders(AbstractPropertyResolver.java:237)
	at org.springframework.core.env.AbstractPropertyResolver.resolveRequiredPlaceholders(AbstractPropertyResolver.java:211)
	at org.springframework.context.support.PropertySourcesPlaceholderConfigurer.lambda$processProperties$0(PropertySourcesPlaceholderConfigurer.java:175)
	at org.springframework.beans.factory.support.AbstractBeanFactory.resolveEmbeddedValue(AbstractBeanFactory.java:851)
	at org.springframework.beans.factory.support.DefaultListableBeanFactory.doResolveDependency(DefaultListableBeanFactory.java:1188)
	at org.springframework.beans.factory.support.DefaultListableBeanFactory.resolveDependency(DefaultListableBeanFactory.java:1167)
	at org.springframework.beans.factory.annotation.AutowiredAnnotationBeanPostProcessor$AutowiredFieldElement.inject(AutowiredAnnotationBeanPostProcessor.java:593)
	at org.springframework.beans.factory.annotation.InjectionMetadata.inject(InjectionMetadata.java:90)
	at org.springframework.beans.factory.annotation.AutowiredAnnotationBeanPostProcessor.postProcessProperties(AutowiredAnnotationBeanPostProcessor.java:374)
	... 22 common frames omitted
2019-09-04 04:39:51,594 INFO org.springframework.boot.StartupInfoLogger [restartedMain] Starting LambdaApplication on WKWIN1289005 with PID 9540 (C:\Users\brakisho\Documents\java_workspace\lambda\target\classes started by brakisho in C:\Users\brakisho\Documents\java_workspace\lambda)
2019-09-04 04:39:51,599 DEBUG org.springframework.boot.StartupInfoLogger [restartedMain] Running with Spring Boot v2.1.3.RELEASE, Spring v5.1.5.RELEASE
2019-09-04 04:39:51,600 INFO org.springframework.boot.SpringApplication [restartedMain] The following profiles are active: prod
2019-09-04 04:39:58,061 WARN org.hibernate.id.UUIDHexGenerator [restartedMain] HHH000409: Using org.hibernate.id.UUIDHexGenerator which does not generate IETF RFC 4122 compliant UUID values; consider using org.hibernate.id.UUIDGenerator instead
2019-09-04 04:40:01,663 INFO com.yroots.lambda.services.GlobalExecutorService [restartedMain] Initializing GlobalExecutorService
2019-09-04 04:40:01,666 INFO com.yroots.lambda.services.GlobalExecutorService [restartedMain] Initialized GlobalExecutorService
2019-09-04 04:40:01,667 WARN org.springframework.context.support.AbstractApplicationContext [restartedMain] Exception encountered during context initialization - cancelling refresh attempt: org.springframework.beans.factory.UnsatisfiedDependencyException: Error creating bean with name 'staticContextInializer': Unsatisfied dependency expressed through field 'freemarkerConfig'; nested exception is org.springframework.beans.factory.NoUniqueBeanDefinitionException: No qualifying bean of type 'freemarker.template.Configuration' available: expected single matching bean but found 2: getFreeMarkerConfiguration,freeMarkerConfiguration
2019-09-04 04:40:01,999 ERROR org.springframework.boot.diagnostics.LoggingFailureAnalysisReporter [restartedMain] 

***************************
APPLICATION FAILED TO START
***************************

Description:

Field freemarkerConfig in com.yroots.lambda.configs.StaticContextInializer required a single bean, but 2 were found:
	- getFreeMarkerConfiguration: defined by method 'getFreeMarkerConfiguration' in class path resource [com/yroots/lambda/configs/FreemarkerConfig.class]
	- freeMarkerConfiguration: defined by method 'freeMarkerConfiguration' in class path resource [org/springframework/boot/autoconfigure/freemarker/FreeMarkerServletWebConfiguration.class]


Action:

Consider marking one of the beans as @Primary, updating the consumer to accept multiple beans, or using @Qualifier to identify the bean that should be consumed

2019-09-04 04:41:20,876 INFO org.springframework.boot.StartupInfoLogger [restartedMain] Starting LambdaApplication on WKWIN1289005 with PID 11968 (C:\Users\brakisho\Documents\java_workspace\lambda\target\classes started by brakisho in C:\Users\brakisho\Documents\java_workspace\lambda)
2019-09-04 04:41:20,880 DEBUG org.springframework.boot.StartupInfoLogger [restartedMain] Running with Spring Boot v2.1.3.RELEASE, Spring v5.1.5.RELEASE
2019-09-04 04:41:20,880 INFO org.springframework.boot.SpringApplication [restartedMain] The following profiles are active: prod
2019-09-04 04:41:26,798 WARN org.hibernate.id.UUIDHexGenerator [restartedMain] HHH000409: Using org.hibernate.id.UUIDHexGenerator which does not generate IETF RFC 4122 compliant UUID values; consider using org.hibernate.id.UUIDGenerator instead
2019-09-04 04:41:30,709 INFO com.yroots.lambda.services.GlobalExecutorService [restartedMain] Initializing GlobalExecutorService
2019-09-04 04:41:30,713 INFO com.yroots.lambda.services.GlobalExecutorService [restartedMain] Initialized GlobalExecutorService
2019-09-04 04:41:30,813 INFO com.yroots.lambda.configs.StaticContextInializer [restartedMain] Initializing StaticContextInializer
2019-09-04 04:41:30,813 INFO com.yroots.lambda.configs.StaticContextInializer [restartedMain] Initialized StaticContextInializer
2019-09-04 04:41:32,334 WARN org.springframework.boot.autoconfigure.orm.jpa.JpaBaseConfiguration$JpaWebConfiguration$JpaWebMvcConfiguration [restartedMain] spring.jpa.open-in-view is enabled by default. Therefore, database queries may be performed during view rendering. Explicitly configure spring.jpa.open-in-view to disable this warning
2019-09-04 04:41:32,691 WARN org.springframework.boot.autoconfigure.freemarker.FreeMarkerAutoConfiguration [restartedMain] Cannot find template location(s): [classpath:/templates/] (please add some templates, check your FreeMarker configuration, or set spring.freemarker.checkTemplateLocation=false)
2019-09-04 04:41:33,258 INFO org.springframework.boot.StartupInfoLogger [restartedMain] Started LambdaApplication in 12.794 seconds (JVM running for 13.672)
2019-09-04 04:45:15,109 DEBUG com.yroots.lambda.services.CoreProcessor [pool-1-thread-1] serviceAccount:test1:true
2019-09-04 04:45:15,282 DEBUG com.yroots.lambda.services.CoreProcessor [pool-1-thread-1] category:test-cat2:true
2019-09-04 04:45:15,341 DEBUG com.yroots.lambda.services.CoreProcessor [pool-1-thread-1] category:test-cat2:isEmailActive:true
2019-09-04 04:45:15,343 DEBUG com.yroots.lambda.services.CoreProcessor [pool-1-thread-1] category:test-cat2:isSMSActive:true
2019-09-04 04:45:15,344 ERROR com.yroots.lambda.services.CoreProcessor [pool-1-thread-1] Error null
2019-09-04 04:46:13,037 INFO org.springframework.boot.StartupInfoLogger [restartedMain] Starting LambdaApplication on WKWIN1289005 with PID 11968 (C:\Users\brakisho\Documents\java_workspace\lambda\target\classes started by brakisho in C:\Users\brakisho\Documents\java_workspace\lambda)
2019-09-04 04:46:13,037 DEBUG org.springframework.boot.StartupInfoLogger [restartedMain] Running with Spring Boot v2.1.3.RELEASE, Spring v5.1.5.RELEASE
2019-09-04 04:46:13,037 INFO org.springframework.boot.SpringApplication [restartedMain] The following profiles are active: prod
2019-09-04 04:46:17,449 INFO com.yroots.lambda.services.GlobalExecutorService [restartedMain] Initializing GlobalExecutorService
2019-09-04 04:46:17,451 INFO com.yroots.lambda.services.GlobalExecutorService [restartedMain] Initialized GlobalExecutorService
2019-09-04 04:46:17,460 INFO com.yroots.lambda.configs.StaticContextInializer [restartedMain] Initializing StaticContextInializer
2019-09-04 04:46:17,460 INFO com.yroots.lambda.configs.StaticContextInializer [restartedMain] Initialized StaticContextInializer
2019-09-04 04:46:18,014 WARN org.springframework.boot.autoconfigure.orm.jpa.JpaBaseConfiguration$JpaWebConfiguration$JpaWebMvcConfiguration [restartedMain] spring.jpa.open-in-view is enabled by default. Therefore, database queries may be performed during view rendering. Explicitly configure spring.jpa.open-in-view to disable this warning
2019-09-04 04:46:18,118 WARN org.springframework.boot.autoconfigure.freemarker.FreeMarkerAutoConfiguration [restartedMain] Cannot find template location(s): [classpath:/templates/] (please add some templates, check your FreeMarker configuration, or set spring.freemarker.checkTemplateLocation=false)
2019-09-04 04:46:18,290 INFO org.springframework.boot.StartupInfoLogger [restartedMain] Started LambdaApplication in 5.291 seconds (JVM running for 298.702)
2019-09-04 04:46:24,473 DEBUG com.yroots.lambda.services.CoreProcessor [pool-2-thread-1] serviceAccount:test1:true
2019-09-04 04:46:24,637 DEBUG com.yroots.lambda.services.CoreProcessor [pool-2-thread-1] category:test-cat2:true
2019-09-04 04:46:24,693 DEBUG com.yroots.lambda.services.CoreProcessor [pool-2-thread-1] category:test-cat2:isEmailActive:true
2019-09-04 04:46:24,701 DEBUG com.yroots.lambda.services.CoreProcessor [pool-2-thread-1] category:test-cat2:isSMSActive:true
2019-09-04 04:46:24,760 DEBUG com.yroots.lambda.services.SmsProcessor [pool-2-thread-2] SMS URL:http://api.msg91.com/api/sendhttp.php?route=4&sender=AvaSys&mobiles=&authkey=287682A8G488yu5d4191b3&message=test1_test-cat2_sms.ftl&country=91
2019-09-04 04:47:30,636 INFO org.springframework.boot.StartupInfoLogger [restartedMain] Starting LambdaApplication on WKWIN1289005 with PID 11968 (C:\Users\brakisho\Documents\java_workspace\lambda\target\classes started by brakisho in C:\Users\brakisho\Documents\java_workspace\lambda)
2019-09-04 04:47:30,636 DEBUG org.springframework.boot.StartupInfoLogger [restartedMain] Running with Spring Boot v2.1.3.RELEASE, Spring v5.1.5.RELEASE
2019-09-04 04:47:30,636 INFO org.springframework.boot.SpringApplication [restartedMain] The following profiles are active: prod
2019-09-04 04:47:35,957 INFO com.yroots.lambda.services.GlobalExecutorService [restartedMain] Initializing GlobalExecutorService
2019-09-04 04:47:35,961 INFO com.yroots.lambda.services.GlobalExecutorService [restartedMain] Initialized GlobalExecutorService
2019-09-04 04:47:35,985 INFO com.yroots.lambda.configs.StaticContextInializer [restartedMain] Initializing StaticContextInializer
2019-09-04 04:47:35,988 INFO com.yroots.lambda.configs.StaticContextInializer [restartedMain] Initialized StaticContextInializer
2019-09-04 04:47:36,630 WARN org.springframework.boot.autoconfigure.orm.jpa.JpaBaseConfiguration$JpaWebConfiguration$JpaWebMvcConfiguration [restartedMain] spring.jpa.open-in-view is enabled by default. Therefore, database queries may be performed during view rendering. Explicitly configure spring.jpa.open-in-view to disable this warning
2019-09-04 04:47:36,830 WARN org.springframework.boot.autoconfigure.freemarker.FreeMarkerAutoConfiguration [restartedMain] Cannot find template location(s): [classpath:/templates/] (please add some templates, check your FreeMarker configuration, or set spring.freemarker.checkTemplateLocation=false)
2019-09-04 04:47:36,978 INFO org.springframework.boot.StartupInfoLogger [restartedMain] Started LambdaApplication in 6.375 seconds (JVM running for 377.392)
2019-09-04 04:47:47,537 DEBUG com.yroots.lambda.services.CoreProcessor [pool-3-thread-1] serviceAccount:test1:true
2019-09-04 04:47:47,706 DEBUG com.yroots.lambda.services.CoreProcessor [pool-3-thread-1] category:test-cat2:true
2019-09-04 04:47:47,762 DEBUG com.yroots.lambda.services.CoreProcessor [pool-3-thread-1] category:test-cat2:isEmailActive:true
2019-09-04 04:47:47,766 DEBUG com.yroots.lambda.services.CoreProcessor [pool-3-thread-1] category:test-cat2:isSMSActive:true
2019-09-04 04:47:47,787 DEBUG com.yroots.lambda.services.SmsProcessor [pool-3-thread-2] SMS URL:http://api.msg91.com/api/sendhttp.php?route=4&sender=AvaSys&mobiles=&authkey=287682A8G488yu5d4191b3&message=test1_test-cat2_sms.ftl&country=91
2019-09-04 04:48:46,018 INFO org.springframework.boot.StartupInfoLogger [restartedMain] Starting LambdaApplication on WKWIN1289005 with PID 3840 (C:\Users\brakisho\Documents\java_workspace\lambda\target\classes started by brakisho in C:\Users\brakisho\Documents\java_workspace\lambda)
2019-09-04 04:48:46,035 DEBUG org.springframework.boot.StartupInfoLogger [restartedMain] Running with Spring Boot v2.1.3.RELEASE, Spring v5.1.5.RELEASE
2019-09-04 04:48:46,035 INFO org.springframework.boot.SpringApplication [restartedMain] The following profiles are active: prod
2019-09-04 04:48:50,893 WARN org.hibernate.id.UUIDHexGenerator [restartedMain] HHH000409: Using org.hibernate.id.UUIDHexGenerator which does not generate IETF RFC 4122 compliant UUID values; consider using org.hibernate.id.UUIDGenerator instead
2019-09-04 04:48:54,449 INFO com.yroots.lambda.services.GlobalExecutorService [restartedMain] Initializing GlobalExecutorService
2019-09-04 04:48:54,463 INFO com.yroots.lambda.services.GlobalExecutorService [restartedMain] Initialized GlobalExecutorService
2019-09-04 04:48:54,542 INFO com.yroots.lambda.configs.StaticContextInializer [restartedMain] Initializing StaticContextInializer
2019-09-04 04:48:54,544 INFO com.yroots.lambda.configs.StaticContextInializer [restartedMain] Initialized StaticContextInializer
2019-09-04 04:48:56,045 WARN org.springframework.boot.autoconfigure.orm.jpa.JpaBaseConfiguration$JpaWebConfiguration$JpaWebMvcConfiguration [restartedMain] spring.jpa.open-in-view is enabled by default. Therefore, database queries may be performed during view rendering. Explicitly configure spring.jpa.open-in-view to disable this warning
2019-09-04 04:48:56,395 WARN org.springframework.boot.autoconfigure.freemarker.FreeMarkerAutoConfiguration [restartedMain] Cannot find template location(s): [classpath:/templates/] (please add some templates, check your FreeMarker configuration, or set spring.freemarker.checkTemplateLocation=false)
2019-09-04 04:48:56,820 INFO org.springframework.boot.StartupInfoLogger [restartedMain] Started LambdaApplication in 11.165 seconds (JVM running for 12.041)
2019-09-04 04:49:02,117 DEBUG com.yroots.lambda.services.CoreProcessor [pool-1-thread-1] serviceAccount:test1:true
2019-09-04 04:49:02,302 DEBUG com.yroots.lambda.services.CoreProcessor [pool-1-thread-1] category:test-cat2:true
2019-09-04 04:49:02,369 DEBUG com.yroots.lambda.services.CoreProcessor [pool-1-thread-1] category:test-cat2:isEmailActive:true
2019-09-04 04:49:02,373 DEBUG com.yroots.lambda.services.CoreProcessor [pool-1-thread-1] category:test-cat2:isSMSActive:true
2019-09-04 04:49:02,428 DEBUG com.yroots.lambda.services.SmsProcessor [pool-1-thread-2] SMS URL:http://api.msg91.com/api/sendhttp.php?route=4&sender=AvaSys&mobiles=&authkey=287682A8G488yu5d4191b3&message=test1_test-cat2_sms.ftl&country=91
2019-09-04 04:50:29,412 INFO org.springframework.boot.StartupInfoLogger [restartedMain] Starting LambdaApplication on WKWIN1289005 with PID 3840 (C:\Users\brakisho\Documents\java_workspace\lambda\target\classes started by brakisho in C:\Users\brakisho\Documents\java_workspace\lambda)
2019-09-04 04:50:29,412 DEBUG org.springframework.boot.StartupInfoLogger [restartedMain] Running with Spring Boot v2.1.3.RELEASE, Spring v5.1.5.RELEASE
2019-09-04 04:50:29,412 INFO org.springframework.boot.SpringApplication [restartedMain] The following profiles are active: prod
2019-09-04 04:50:33,754 INFO com.yroots.lambda.services.GlobalExecutorService [restartedMain] Initializing GlobalExecutorService
2019-09-04 04:50:33,754 INFO com.yroots.lambda.services.GlobalExecutorService [restartedMain] Initialized GlobalExecutorService
2019-09-04 04:50:33,758 INFO com.yroots.lambda.configs.StaticContextInializer [restartedMain] Initializing StaticContextInializer
2019-09-04 04:50:33,758 INFO com.yroots.lambda.configs.StaticContextInializer [restartedMain] Initialized StaticContextInializer
2019-09-04 04:50:34,155 WARN org.springframework.boot.autoconfigure.orm.jpa.JpaBaseConfiguration$JpaWebConfiguration$JpaWebMvcConfiguration [restartedMain] spring.jpa.open-in-view is enabled by default. Therefore, database queries may be performed during view rendering. Explicitly configure spring.jpa.open-in-view to disable this warning
2019-09-04 04:50:34,271 WARN org.springframework.boot.autoconfigure.freemarker.FreeMarkerAutoConfiguration [restartedMain] Cannot find template location(s): [classpath:/templates/] (please add some templates, check your FreeMarker configuration, or set spring.freemarker.checkTemplateLocation=false)
2019-09-04 04:50:34,408 INFO org.springframework.boot.StartupInfoLogger [restartedMain] Started LambdaApplication in 5.026 seconds (JVM running for 109.629)
2019-09-04 04:50:43,818 DEBUG com.yroots.lambda.services.CoreProcessor [pool-2-thread-1] serviceAccount:test1:true
2019-09-04 04:50:43,983 DEBUG com.yroots.lambda.services.CoreProcessor [pool-2-thread-1] category:test-cat2:true
2019-09-04 04:50:44,039 DEBUG com.yroots.lambda.services.CoreProcessor [pool-2-thread-1] category:test-cat2:isEmailActive:true
2019-09-04 04:50:44,043 DEBUG com.yroots.lambda.services.CoreProcessor [pool-2-thread-1] category:test-cat2:isSMSActive:true
2019-09-04 04:50:44,050 DEBUG com.yroots.lambda.services.SmsProcessor [pool-2-thread-2] SMS URL:http://api.msg91.com/api/sendhttp.php?route=4&sender=AvaSys&mobiles=&authkey=287682A8G488yu5d4191b3&message=test1_test-cat2_sms.ftl&country=91
2019-09-04 04:51:25,681 INFO org.springframework.boot.StartupInfoLogger [restartedMain] Starting LambdaApplication on WKWIN1289005 with PID 3840 (C:\Users\brakisho\Documents\java_workspace\lambda\target\classes started by brakisho in C:\Users\brakisho\Documents\java_workspace\lambda)
2019-09-04 04:51:25,681 DEBUG org.springframework.boot.StartupInfoLogger [restartedMain] Running with Spring Boot v2.1.3.RELEASE, Spring v5.1.5.RELEASE
2019-09-04 04:51:25,681 INFO org.springframework.boot.SpringApplication [restartedMain] The following profiles are active: prod
2019-09-04 04:51:30,339 INFO com.yroots.lambda.services.GlobalExecutorService [restartedMain] Initializing GlobalExecutorService
2019-09-04 04:51:30,352 INFO com.yroots.lambda.services.GlobalExecutorService [restartedMain] Initialized GlobalExecutorService
2019-09-04 04:51:30,359 INFO com.yroots.lambda.configs.StaticContextInializer [restartedMain] Initializing StaticContextInializer
2019-09-04 04:51:30,360 INFO com.yroots.lambda.configs.StaticContextInializer [restartedMain] Initialized StaticContextInializer
2019-09-04 04:51:30,739 WARN org.springframework.boot.autoconfigure.orm.jpa.JpaBaseConfiguration$JpaWebConfiguration$JpaWebMvcConfiguration [restartedMain] spring.jpa.open-in-view is enabled by default. Therefore, database queries may be performed during view rendering. Explicitly configure spring.jpa.open-in-view to disable this warning
2019-09-04 04:51:30,839 WARN org.springframework.boot.autoconfigure.freemarker.FreeMarkerAutoConfiguration [restartedMain] Cannot find template location(s): [classpath:/templates/] (please add some templates, check your FreeMarker configuration, or set spring.freemarker.checkTemplateLocation=false)
2019-09-04 04:51:30,961 INFO org.springframework.boot.StartupInfoLogger [restartedMain] Started LambdaApplication in 5.31 seconds (JVM running for 166.186)
2019-09-04 04:51:38,715 DEBUG com.yroots.lambda.services.CoreProcessor [pool-3-thread-1] serviceAccount:test1:true
2019-09-04 04:51:38,896 DEBUG com.yroots.lambda.services.CoreProcessor [pool-3-thread-1] category:test-cat2:true
2019-09-04 04:51:38,956 DEBUG com.yroots.lambda.services.CoreProcessor [pool-3-thread-1] category:test-cat2:isEmailActive:true
2019-09-04 04:51:38,956 DEBUG com.yroots.lambda.services.CoreProcessor [pool-3-thread-1] category:test-cat2:isSMSActive:true
2019-09-04 04:51:38,966 DEBUG com.yroots.lambda.services.SmsProcessor [pool-3-thread-2] SMS URL:http://api.msg91.com/api/sendhttp.php?route=4&sender=AvaSys&mobiles=&authkey=287682A8G488yu5d4191b3&message=test1_test-cat2_sms.ftl&country=91
2019-09-04 04:52:14,741 INFO org.springframework.boot.StartupInfoLogger [restartedMain] Starting LambdaApplication on WKWIN1289005 with PID 3840 (C:\Users\brakisho\Documents\java_workspace\lambda\target\classes started by brakisho in C:\Users\brakisho\Documents\java_workspace\lambda)
2019-09-04 04:52:14,741 DEBUG org.springframework.boot.StartupInfoLogger [restartedMain] Running with Spring Boot v2.1.3.RELEASE, Spring v5.1.5.RELEASE
2019-09-04 04:52:14,741 INFO org.springframework.boot.SpringApplication [restartedMain] The following profiles are active: prod
2019-09-04 04:52:18,905 INFO com.yroots.lambda.services.GlobalExecutorService [restartedMain] Initializing GlobalExecutorService
2019-09-04 04:52:18,908 INFO com.yroots.lambda.services.GlobalExecutorService [restartedMain] Initialized GlobalExecutorService
2019-09-04 04:52:18,918 INFO com.yroots.lambda.configs.StaticContextInializer [restartedMain] Initializing StaticContextInializer
2019-09-04 04:52:18,918 INFO com.yroots.lambda.configs.StaticContextInializer [restartedMain] Initialized StaticContextInializer
2019-09-04 04:52:19,405 WARN org.springframework.boot.autoconfigure.orm.jpa.JpaBaseConfiguration$JpaWebConfiguration$JpaWebMvcConfiguration [restartedMain] spring.jpa.open-in-view is enabled by default. Therefore, database queries may be performed during view rendering. Explicitly configure spring.jpa.open-in-view to disable this warning
2019-09-04 04:52:19,529 WARN org.springframework.boot.autoconfigure.freemarker.FreeMarkerAutoConfiguration [restartedMain] Cannot find template location(s): [classpath:/templates/] (please add some templates, check your FreeMarker configuration, or set spring.freemarker.checkTemplateLocation=false)
2019-09-04 04:52:19,697 INFO org.springframework.boot.StartupInfoLogger [restartedMain] Started LambdaApplication in 4.998 seconds (JVM running for 214.918)
2019-09-04 04:52:52,312 DEBUG com.yroots.lambda.services.CoreProcessor [pool-4-thread-1] serviceAccount:test1:true
2019-09-04 04:52:52,473 DEBUG com.yroots.lambda.services.CoreProcessor [pool-4-thread-1] category:test-cat2:true
2019-09-04 04:52:52,528 DEBUG com.yroots.lambda.services.CoreProcessor [pool-4-thread-1] category:test-cat2:isEmailActive:true
2019-09-04 04:52:52,532 DEBUG com.yroots.lambda.services.CoreProcessor [pool-4-thread-1] category:test-cat2:isSMSActive:true
2019-09-04 04:52:52,539 DEBUG com.yroots.lambda.services.SmsProcessor [pool-4-thread-2] SMS URL:http://api.msg91.com/api/sendhttp.php?route=4&sender=AvaSys&mobiles=&authkey=287682A8G488yu5d4191b3&message=test1_test-cat2_sms.ftl&country=91
2019-09-04 04:54:05,719 INFO org.springframework.boot.StartupInfoLogger [restartedMain] Starting LambdaApplication on WKWIN1289005 with PID 3840 (C:\Users\brakisho\Documents\java_workspace\lambda\target\classes started by brakisho in C:\Users\brakisho\Documents\java_workspace\lambda)
2019-09-04 04:54:05,719 DEBUG org.springframework.boot.StartupInfoLogger [restartedMain] Running with Spring Boot v2.1.3.RELEASE, Spring v5.1.5.RELEASE
2019-09-04 04:54:05,719 INFO org.springframework.boot.SpringApplication [restartedMain] The following profiles are active: prod
2019-09-04 04:54:10,643 INFO com.yroots.lambda.services.GlobalExecutorService [restartedMain] Initializing GlobalExecutorService
2019-09-04 04:54:10,647 INFO com.yroots.lambda.services.GlobalExecutorService [restartedMain] Initialized GlobalExecutorService
2019-09-04 04:54:10,661 INFO com.yroots.lambda.configs.StaticContextInializer [restartedMain] Initializing StaticContextInializer
2019-09-04 04:54:10,662 INFO com.yroots.lambda.configs.StaticContextInializer [restartedMain] Initialized StaticContextInializer
2019-09-04 04:54:11,022 WARN org.springframework.boot.autoconfigure.orm.jpa.JpaBaseConfiguration$JpaWebConfiguration$JpaWebMvcConfiguration [restartedMain] spring.jpa.open-in-view is enabled by default. Therefore, database queries may be performed during view rendering. Explicitly configure spring.jpa.open-in-view to disable this warning
2019-09-04 04:54:11,237 INFO org.springframework.boot.StartupInfoLogger [restartedMain] Started LambdaApplication in 5.559 seconds (JVM running for 326.458)
2019-09-04 04:54:17,632 DEBUG com.yroots.lambda.services.CoreProcessor [pool-5-thread-1] serviceAccount:test1:true
2019-09-04 04:54:17,837 DEBUG com.yroots.lambda.services.CoreProcessor [pool-5-thread-1] category:test-cat2:true
2019-09-04 04:54:17,909 DEBUG com.yroots.lambda.services.CoreProcessor [pool-5-thread-1] category:test-cat2:isEmailActive:true
2019-09-04 04:54:17,913 DEBUG com.yroots.lambda.services.CoreProcessor [pool-5-thread-1] category:test-cat2:isSMSActive:true
2019-09-04 04:54:17,936 DEBUG com.yroots.lambda.services.SmsProcessor [pool-5-thread-2] SMS URL:http://api.msg91.com/api/sendhttp.php?route=4&sender=AvaSys&mobiles=&authkey=287682A8G488yu5d4191b3&message=test1_test-cat2_sms.ftl&country=91
2019-09-04 04:55:10,386 INFO org.springframework.boot.StartupInfoLogger [restartedMain] Starting LambdaApplication on WKWIN1289005 with PID 3840 (C:\Users\brakisho\Documents\java_workspace\lambda\target\classes started by brakisho in C:\Users\brakisho\Documents\java_workspace\lambda)
2019-09-04 04:55:10,386 DEBUG org.springframework.boot.StartupInfoLogger [restartedMain] Running with Spring Boot v2.1.3.RELEASE, Spring v5.1.5.RELEASE
2019-09-04 04:55:10,386 INFO org.springframework.boot.SpringApplication [restartedMain] The following profiles are active: prod
2019-09-04 04:55:14,621 INFO com.yroots.lambda.services.GlobalExecutorService [restartedMain] Initializing GlobalExecutorService
2019-09-04 04:55:14,631 INFO com.yroots.lambda.services.GlobalExecutorService [restartedMain] Initialized GlobalExecutorService
2019-09-04 04:55:14,632 INFO com.yroots.lambda.configs.StaticContextInializer [restartedMain] Initializing StaticContextInializer
2019-09-04 04:55:14,632 INFO com.yroots.lambda.configs.StaticContextInializer [restartedMain] Initialized StaticContextInializer
2019-09-04 04:55:15,005 WARN org.springframework.boot.autoconfigure.orm.jpa.JpaBaseConfiguration$JpaWebConfiguration$JpaWebMvcConfiguration [restartedMain] spring.jpa.open-in-view is enabled by default. Therefore, database queries may be performed during view rendering. Explicitly configure spring.jpa.open-in-view to disable this warning
2019-09-04 04:55:15,237 INFO org.springframework.boot.StartupInfoLogger [restartedMain] Started LambdaApplication in 4.884 seconds (JVM running for 390.461)
2019-09-04 04:55:22,373 DEBUG com.yroots.lambda.services.CoreProcessor [pool-6-thread-1] serviceAccount:test1:true
2019-09-04 04:55:22,534 DEBUG com.yroots.lambda.services.CoreProcessor [pool-6-thread-1] category:test-cat2:true
2019-09-04 04:55:22,600 DEBUG com.yroots.lambda.services.CoreProcessor [pool-6-thread-1] category:test-cat2:isEmailActive:true
2019-09-04 04:55:22,602 DEBUG com.yroots.lambda.services.CoreProcessor [pool-6-thread-1] category:test-cat2:isSMSActive:true
2019-09-04 04:55:22,620 DEBUG com.yroots.lambda.services.SmsProcessor [pool-6-thread-2] SMS URL:http://api.msg91.com/api/sendhttp.php?route=4&sender=AvaSys&mobiles=&authkey=287682A8G488yu5d4191b3&message=test1_test-cat2_sms.ftl&country=91
2019-09-04 05:01:54,654 INFO org.springframework.boot.StartupInfoLogger [restartedMain] Starting LambdaApplication on WKWIN1289005 with PID 3840 (C:\Users\brakisho\Documents\java_workspace\lambda\target\classes started by brakisho in C:\Users\brakisho\Documents\java_workspace\lambda)
2019-09-04 05:01:54,654 DEBUG org.springframework.boot.StartupInfoLogger [restartedMain] Running with Spring Boot v2.1.3.RELEASE, Spring v5.1.5.RELEASE
2019-09-04 05:01:54,654 INFO org.springframework.boot.SpringApplication [restartedMain] The following profiles are active: prod
2019-09-04 05:01:58,849 INFO com.yroots.lambda.services.GlobalExecutorService [restartedMain] Initializing GlobalExecutorService
2019-09-04 05:01:58,854 INFO com.yroots.lambda.services.GlobalExecutorService [restartedMain] Initialized GlobalExecutorService
2019-09-04 05:01:58,867 INFO com.yroots.lambda.configs.StaticContextInializer [restartedMain] Initializing StaticContextInializer
2019-09-04 05:01:58,871 INFO com.yroots.lambda.configs.StaticContextInializer [restartedMain] Initialized StaticContextInializer
2019-09-04 05:01:59,405 WARN org.springframework.boot.autoconfigure.orm.jpa.JpaBaseConfiguration$JpaWebConfiguration$JpaWebMvcConfiguration [restartedMain] spring.jpa.open-in-view is enabled by default. Therefore, database queries may be performed during view rendering. Explicitly configure spring.jpa.open-in-view to disable this warning
2019-09-04 05:01:59,628 INFO org.springframework.boot.StartupInfoLogger [restartedMain] Started LambdaApplication in 5.003 seconds (JVM running for 794.843)
2019-09-04 05:02:06,690 DEBUG com.yroots.lambda.services.CoreProcessor [pool-7-thread-1] serviceAccount:test1:true
2019-09-04 05:02:06,852 DEBUG com.yroots.lambda.services.CoreProcessor [pool-7-thread-1] category:test-cat2:true
2019-09-04 05:02:06,903 DEBUG com.yroots.lambda.services.CoreProcessor [pool-7-thread-1] category:test-cat2:isEmailActive:true
2019-09-04 05:02:06,903 DEBUG com.yroots.lambda.services.CoreProcessor [pool-7-thread-1] category:test-cat2:isSMSActive:true
2019-09-04 05:02:06,911 DEBUG com.yroots.lambda.services.SmsProcessor [pool-7-thread-2] SMS URL:http://api.msg91.com/api/sendhttp.php?route=4&sender=AvaSys&mobiles=&authkey=287682A8G488yu5d4191b3&message=test1_test-cat2_sms.ftl&country=91
2019-09-04 08:39:34,584 INFO org.springframework.boot.StartupInfoLogger [restartedMain] Starting LambdaApplication on WKWIN1289005 with PID 3840 (C:\Users\brakisho\Documents\java_workspace\lambda\target\classes started by brakisho in C:\Users\brakisho\Documents\java_workspace\lambda)
2019-09-04 08:39:34,584 DEBUG org.springframework.boot.StartupInfoLogger [restartedMain] Running with Spring Boot v2.1.3.RELEASE, Spring v5.1.5.RELEASE
2019-09-04 08:39:34,584 INFO org.springframework.boot.SpringApplication [restartedMain] The following profiles are active: prod
2019-09-04 08:39:38,950 INFO com.yroots.lambda.services.GlobalExecutorService [restartedMain] Initializing GlobalExecutorService
2019-09-04 08:39:38,955 INFO com.yroots.lambda.services.GlobalExecutorService [restartedMain] Initialized GlobalExecutorService
2019-09-04 08:39:38,960 INFO com.yroots.lambda.configs.StaticContextInializer [restartedMain] Initializing StaticContextInializer
2019-09-04 08:39:38,964 INFO com.yroots.lambda.configs.StaticContextInializer [restartedMain] Initialized StaticContextInializer
2019-09-04 08:39:39,449 WARN org.springframework.boot.autoconfigure.orm.jpa.JpaBaseConfiguration$JpaWebConfiguration$JpaWebMvcConfiguration [restartedMain] spring.jpa.open-in-view is enabled by default. Therefore, database queries may be performed during view rendering. Explicitly configure spring.jpa.open-in-view to disable this warning
2019-09-04 08:39:39,827 INFO org.springframework.boot.StartupInfoLogger [restartedMain] Started LambdaApplication in 5.281 seconds (JVM running for 13856.226)
2019-09-04 08:39:48,166 DEBUG com.yroots.lambda.services.CoreProcessor [pool-8-thread-1] serviceAccount:test1:true
2019-09-04 08:39:48,318 DEBUG com.yroots.lambda.services.CoreProcessor [pool-8-thread-1] category:test-cat2:true
2019-09-04 08:39:48,370 DEBUG com.yroots.lambda.services.CoreProcessor [pool-8-thread-1] category:test-cat2:isEmailActive:true
2019-09-04 08:39:48,370 DEBUG com.yroots.lambda.services.CoreProcessor [pool-8-thread-1] category:test-cat2:isSMSActive:true
2019-09-04 08:39:48,418 DEBUG com.yroots.lambda.services.SmsProcessor [pool-8-thread-2] SMS URL:http://api.msg91.com/api/sendhttp.php?route=4&sender=AvaSys&mobiles=&authkey=287682A8G488yu5d4191b3&message=I am default message&country=91
2019-09-04 08:40:27,796 INFO org.springframework.boot.StartupInfoLogger [restartedMain] Starting LambdaApplication on WKWIN1289005 with PID 3840 (C:\Users\brakisho\Documents\java_workspace\lambda\target\classes started by brakisho in C:\Users\brakisho\Documents\java_workspace\lambda)
2019-09-04 08:40:27,796 DEBUG org.springframework.boot.StartupInfoLogger [restartedMain] Running with Spring Boot v2.1.3.RELEASE, Spring v5.1.5.RELEASE
2019-09-04 08:40:27,796 INFO org.springframework.boot.SpringApplication [restartedMain] The following profiles are active: prod
2019-09-04 08:40:32,762 INFO com.yroots.lambda.services.GlobalExecutorService [restartedMain] Initializing GlobalExecutorService
2019-09-04 08:40:32,766 INFO com.yroots.lambda.services.GlobalExecutorService [restartedMain] Initialized GlobalExecutorService
2019-09-04 08:40:32,779 INFO com.yroots.lambda.configs.StaticContextInializer [restartedMain] Initializing StaticContextInializer
2019-09-04 08:40:32,779 INFO com.yroots.lambda.configs.StaticContextInializer [restartedMain] Initialized StaticContextInializer
2019-09-04 08:40:33,503 WARN org.springframework.boot.autoconfigure.orm.jpa.JpaBaseConfiguration$JpaWebConfiguration$JpaWebMvcConfiguration [restartedMain] spring.jpa.open-in-view is enabled by default. Therefore, database queries may be performed during view rendering. Explicitly configure spring.jpa.open-in-view to disable this warning
2019-09-04 08:40:33,811 INFO org.springframework.boot.StartupInfoLogger [restartedMain] Started LambdaApplication in 6.053 seconds (JVM running for 13910.214)
2019-09-04 08:40:39,364 INFO org.springframework.boot.StartupInfoLogger [restartedMain] Starting LambdaApplication on WKWIN1289005 with PID 3840 (C:\Users\brakisho\Documents\java_workspace\lambda\target\classes started by brakisho in C:\Users\brakisho\Documents\java_workspace\lambda)
2019-09-04 08:40:39,364 DEBUG org.springframework.boot.StartupInfoLogger [restartedMain] Running with Spring Boot v2.1.3.RELEASE, Spring v5.1.5.RELEASE
2019-09-04 08:40:39,364 INFO org.springframework.boot.SpringApplication [restartedMain] The following profiles are active: prod
2019-09-04 08:40:44,071 INFO com.yroots.lambda.services.GlobalExecutorService [restartedMain] Initializing GlobalExecutorService
2019-09-04 08:40:44,078 INFO com.yroots.lambda.services.GlobalExecutorService [restartedMain] Initialized GlobalExecutorService
2019-09-04 08:40:44,091 INFO com.yroots.lambda.configs.StaticContextInializer [restartedMain] Initializing StaticContextInializer
2019-09-04 08:40:44,091 INFO com.yroots.lambda.configs.StaticContextInializer [restartedMain] Initialized StaticContextInializer
2019-09-04 08:40:44,644 WARN org.springframework.boot.autoconfigure.orm.jpa.JpaBaseConfiguration$JpaWebConfiguration$JpaWebMvcConfiguration [restartedMain] spring.jpa.open-in-view is enabled by default. Therefore, database queries may be performed during view rendering. Explicitly configure spring.jpa.open-in-view to disable this warning
2019-09-04 08:40:45,016 INFO org.springframework.boot.StartupInfoLogger [restartedMain] Started LambdaApplication in 5.685 seconds (JVM running for 13921.417)
2019-09-04 08:42:17,373 INFO org.springframework.boot.StartupInfoLogger [restartedMain] Starting LambdaApplication on WKWIN1289005 with PID 3840 (C:\Users\brakisho\Documents\java_workspace\lambda\target\classes started by brakisho in C:\Users\brakisho\Documents\java_workspace\lambda)
2019-09-04 08:42:17,373 DEBUG org.springframework.boot.StartupInfoLogger [restartedMain] Running with Spring Boot v2.1.3.RELEASE, Spring v5.1.5.RELEASE
2019-09-04 08:42:17,373 INFO org.springframework.boot.SpringApplication [restartedMain] The following profiles are active: prod
2019-09-04 08:42:22,013 INFO com.yroots.lambda.services.GlobalExecutorService [restartedMain] Initializing GlobalExecutorService
2019-09-04 08:42:22,017 INFO com.yroots.lambda.services.GlobalExecutorService [restartedMain] Initialized GlobalExecutorService
2019-09-04 08:42:22,030 INFO com.yroots.lambda.configs.StaticContextInializer [restartedMain] Initializing StaticContextInializer
2019-09-04 08:42:22,034 INFO com.yroots.lambda.configs.StaticContextInializer [restartedMain] Initialized StaticContextInializer
2019-09-04 08:42:22,614 WARN org.springframework.boot.autoconfigure.orm.jpa.JpaBaseConfiguration$JpaWebConfiguration$JpaWebMvcConfiguration [restartedMain] spring.jpa.open-in-view is enabled by default. Therefore, database queries may be performed during view rendering. Explicitly configure spring.jpa.open-in-view to disable this warning
2019-09-04 08:42:22,842 INFO org.springframework.boot.StartupInfoLogger [restartedMain] Started LambdaApplication in 5.496 seconds (JVM running for 14019.244)
2019-09-04 08:42:53,968 INFO org.springframework.boot.StartupInfoLogger [restartedMain] Starting LambdaApplication on WKWIN1289005 with PID 3840 (C:\Users\brakisho\Documents\java_workspace\lambda\target\classes started by brakisho in C:\Users\brakisho\Documents\java_workspace\lambda)
2019-09-04 08:42:53,968 DEBUG org.springframework.boot.StartupInfoLogger [restartedMain] Running with Spring Boot v2.1.3.RELEASE, Spring v5.1.5.RELEASE
2019-09-04 08:42:53,968 INFO org.springframework.boot.SpringApplication [restartedMain] The following profiles are active: prod
2019-09-04 08:42:58,272 INFO com.yroots.lambda.services.GlobalExecutorService [restartedMain] Initializing GlobalExecutorService
2019-09-04 08:42:58,277 INFO com.yroots.lambda.services.GlobalExecutorService [restartedMain] Initialized GlobalExecutorService
2019-09-04 08:42:58,282 INFO com.yroots.lambda.configs.StaticContextInializer [restartedMain] Initializing StaticContextInializer
2019-09-04 08:42:58,282 INFO com.yroots.lambda.configs.StaticContextInializer [restartedMain] Initialized StaticContextInializer
2019-09-04 08:42:58,700 WARN org.springframework.boot.autoconfigure.orm.jpa.JpaBaseConfiguration$JpaWebConfiguration$JpaWebMvcConfiguration [restartedMain] spring.jpa.open-in-view is enabled by default. Therefore, database queries may be performed during view rendering. Explicitly configure spring.jpa.open-in-view to disable this warning
2019-09-04 08:42:58,916 INFO org.springframework.boot.StartupInfoLogger [restartedMain] Started LambdaApplication in 4.98 seconds (JVM running for 14055.319)
2019-09-04 08:43:21,234 DEBUG com.yroots.lambda.services.CoreProcessor [pool-12-thread-1] serviceAccount:test1:true
2019-09-04 08:43:21,450 DEBUG com.yroots.lambda.services.CoreProcessor [pool-12-thread-1] category:test-cat2:true
2019-09-04 08:43:21,508 DEBUG com.yroots.lambda.services.CoreProcessor [pool-12-thread-1] category:test-cat2:isEmailActive:true
2019-09-04 08:43:21,509 DEBUG com.yroots.lambda.services.CoreProcessor [pool-12-thread-1] category:test-cat2:isSMSActive:true
2019-09-04 08:43:54,809 INFO org.springframework.boot.StartupInfoLogger [restartedMain] Starting LambdaApplication on WKWIN1289005 with PID 3840 (C:\Users\brakisho\Documents\java_workspace\lambda\target\classes started by brakisho in C:\Users\brakisho\Documents\java_workspace\lambda)
2019-09-04 08:43:54,809 DEBUG org.springframework.boot.StartupInfoLogger [restartedMain] Running with Spring Boot v2.1.3.RELEASE, Spring v5.1.5.RELEASE
2019-09-04 08:43:54,809 INFO org.springframework.boot.SpringApplication [restartedMain] The following profiles are active: prod
2019-09-04 08:43:58,965 INFO com.yroots.lambda.services.GlobalExecutorService [restartedMain] Initializing GlobalExecutorService
2019-09-04 08:43:58,965 INFO com.yroots.lambda.services.GlobalExecutorService [restartedMain] Initialized GlobalExecutorService
2019-09-04 08:43:58,976 INFO com.yroots.lambda.configs.StaticContextInializer [restartedMain] Initializing StaticContextInializer
2019-09-04 08:43:58,980 INFO com.yroots.lambda.configs.StaticContextInializer [restartedMain] Initialized StaticContextInializer
2019-09-04 08:43:59,535 WARN org.springframework.boot.autoconfigure.orm.jpa.JpaBaseConfiguration$JpaWebConfiguration$JpaWebMvcConfiguration [restartedMain] spring.jpa.open-in-view is enabled by default. Therefore, database queries may be performed during view rendering. Explicitly configure spring.jpa.open-in-view to disable this warning
2019-09-04 08:43:59,786 INFO org.springframework.boot.StartupInfoLogger [restartedMain] Started LambdaApplication in 5.006 seconds (JVM running for 14116.189)
2019-09-04 08:44:10,626 DEBUG com.yroots.lambda.services.CoreProcessor [pool-13-thread-1] serviceAccount:test1:true
2019-09-04 08:44:10,782 DEBUG com.yroots.lambda.services.CoreProcessor [pool-13-thread-1] category:test-cat2:true
2019-09-04 08:44:10,837 DEBUG com.yroots.lambda.services.CoreProcessor [pool-13-thread-1] category:test-cat2:isEmailActive:true
2019-09-04 08:44:10,837 DEBUG com.yroots.lambda.services.CoreProcessor [pool-13-thread-1] category:test-cat2:isSMSActive:true
2019-09-04 08:44:10,841 DEBUG com.yroots.lambda.services.SmsProcessor [pool-13-thread-2] Contacts::text:I am default message
2019-09-04 08:45:00,986 DEBUG com.yroots.lambda.services.CoreProcessor [pool-13-thread-3] serviceAccount:test1:true
2019-09-04 08:45:01,390 DEBUG com.yroots.lambda.services.CoreProcessor [pool-13-thread-3] category:test-cat2:true
2019-09-04 08:45:01,446 DEBUG com.yroots.lambda.services.CoreProcessor [pool-13-thread-3] category:test-cat2:isEmailActive:true
2019-09-04 08:45:01,450 DEBUG com.yroots.lambda.services.CoreProcessor [pool-13-thread-3] category:test-cat2:isSMSActive:true
2019-09-04 08:45:01,458 DEBUG com.yroots.lambda.services.SmsProcessor [pool-13-thread-4] Contacts:9999467713:text:I am default message
2019-09-04 08:45:01,466 DEBUG com.yroots.lambda.services.SmsProcessor [pool-13-thread-4] SMS URL:http://api.msg91.com/api/sendhttp.php?route=4&sender=AvaSys&mobiles=9999467713&authkey=287682A8G488yu5d4191b3&message=test1_test-cat2_sms.ftl&country=91
2019-09-04 08:45:26,078 INFO org.springframework.boot.StartupInfoLogger [restartedMain] Starting LambdaApplication on WKWIN1289005 with PID 3840 (C:\Users\brakisho\Documents\java_workspace\lambda\target\classes started by brakisho in C:\Users\brakisho\Documents\java_workspace\lambda)
2019-09-04 08:45:26,078 DEBUG org.springframework.boot.StartupInfoLogger [restartedMain] Running with Spring Boot v2.1.3.RELEASE, Spring v5.1.5.RELEASE
2019-09-04 08:45:26,078 INFO org.springframework.boot.SpringApplication [restartedMain] The following profiles are active: prod
2019-09-04 08:45:30,119 INFO com.yroots.lambda.services.GlobalExecutorService [restartedMain] Initializing GlobalExecutorService
2019-09-04 08:45:30,122 INFO com.yroots.lambda.services.GlobalExecutorService [restartedMain] Initialized GlobalExecutorService
2019-09-04 08:45:30,136 INFO com.yroots.lambda.configs.StaticContextInializer [restartedMain] Initializing StaticContextInializer
2019-09-04 08:45:30,136 INFO com.yroots.lambda.configs.StaticContextInializer [restartedMain] Initialized StaticContextInializer
2019-09-04 08:45:30,611 WARN org.springframework.boot.autoconfigure.orm.jpa.JpaBaseConfiguration$JpaWebConfiguration$JpaWebMvcConfiguration [restartedMain] spring.jpa.open-in-view is enabled by default. Therefore, database queries may be performed during view rendering. Explicitly configure spring.jpa.open-in-view to disable this warning
2019-09-04 08:45:30,828 INFO org.springframework.boot.StartupInfoLogger [restartedMain] Started LambdaApplication in 4.776 seconds (JVM running for 14207.228)
2019-09-04 08:48:05,541 INFO org.springframework.boot.StartupInfoLogger [restartedMain] Starting LambdaApplication on WKWIN1289005 with PID 11452 (C:\Users\brakisho\Documents\java_workspace\lambda\target\classes started by brakisho in C:\Users\brakisho\Documents\java_workspace\lambda)
2019-09-04 08:48:05,545 DEBUG org.springframework.boot.StartupInfoLogger [restartedMain] Running with Spring Boot v2.1.3.RELEASE, Spring v5.1.5.RELEASE
2019-09-04 08:48:05,545 INFO org.springframework.boot.SpringApplication [restartedMain] The following profiles are active: prod
2019-09-04 08:48:10,663 WARN org.hibernate.id.UUIDHexGenerator [restartedMain] HHH000409: Using org.hibernate.id.UUIDHexGenerator which does not generate IETF RFC 4122 compliant UUID values; consider using org.hibernate.id.UUIDGenerator instead
2019-09-04 08:48:13,703 INFO com.yroots.lambda.services.GlobalExecutorService [restartedMain] Initializing GlobalExecutorService
2019-09-04 08:48:13,706 INFO com.yroots.lambda.services.GlobalExecutorService [restartedMain] Initialized GlobalExecutorService
2019-09-04 08:48:13,763 INFO com.yroots.lambda.configs.StaticContextInializer [restartedMain] Initializing StaticContextInializer
2019-09-04 08:48:13,763 INFO com.yroots.lambda.configs.StaticContextInializer [restartedMain] Initialized StaticContextInializer
2019-09-04 08:48:15,323 WARN org.springframework.boot.autoconfigure.orm.jpa.JpaBaseConfiguration$JpaWebConfiguration$JpaWebMvcConfiguration [restartedMain] spring.jpa.open-in-view is enabled by default. Therefore, database queries may be performed during view rendering. Explicitly configure spring.jpa.open-in-view to disable this warning
2019-09-04 08:48:16,139 INFO org.springframework.boot.StartupInfoLogger [restartedMain] Started LambdaApplication in 11.038 seconds (JVM running for 11.905)
2019-09-04 08:48:32,936 DEBUG com.yroots.lambda.services.CoreProcessor [pool-1-thread-1] serviceAccount:test1:true
2019-09-04 08:48:33,121 DEBUG com.yroots.lambda.services.CoreProcessor [pool-1-thread-1] category:test-cat2:true
2019-09-04 08:48:33,179 DEBUG com.yroots.lambda.services.CoreProcessor [pool-1-thread-1] category:test-cat2:isEmailActive:true
2019-09-04 08:48:33,183 DEBUG com.yroots.lambda.services.CoreProcessor [pool-1-thread-1] category:test-cat2:isSMSActive:true
2019-09-04 08:48:33,248 DEBUG com.yroots.lambda.services.SmsProcessor [pool-1-thread-2] Contacts:9999467713:text:I am default message
2019-09-04 08:48:33,260 DEBUG com.yroots.lambda.services.SmsProcessor [pool-1-thread-2] SMS URL:http://api.msg91.com/api/sendhttp.php?route=4&sender=AvaSys&mobiles=9999467713&authkey=287682A8G488yu5d4191b3&message=I am default message&country=91
